<?xml version="1.0" encoding="UTF-8"?>
<!-- Generated by org.testng.reporters.JUnitReportReporter -->
<testsuite skipped="0" hostname="DESKTOP-9TV1JMC" name="cucumber.TestNGRunner" tests="2" failures="0" timestamp="2022-10-28T12:48:23 IST" time="21.962" errors="0">
  <testcase name="runScenario" time="7.241" classname="cucumber.TestNGRunner"/>
  <system-out/>
  <testcase name="runScenario" time="14.721" classname="cucumber.TestNGRunner"/>
  <system-out/>
</testsuite> <!-- cucumber.TestNGRunner -->
