<?xml version="1.0" encoding="UTF-8"?>
<!-- Generated by org.testng.reporters.JUnitReportReporter -->
<testsuite skipped="0" hostname="DESKTOP-9TV1JMC" name="RahulShettyAcademy.test.SubmitOrderTest" tests="2" failures="0" timestamp="2022-10-17T00:06:48 IST" time="60.857" errors="0">
  <testcase name="SubmitOrder" time="37.504" classname="RahulShettyAcademy.test.SubmitOrderTest"/>
  <system-out/>
  <testcase name="SubmitOrder" time="23.353" classname="RahulShettyAcademy.test.SubmitOrderTest"/>
  <system-out/>
</testsuite> <!-- RahulShettyAcademy.test.SubmitOrderTest -->
